still working... [awake]
still working... [numbness]
still working... [awake]
still working... [drifting]
still working... [numbness]
still working... [awake]
restored at: 1775549259
still working... [drifting]
contract violated.
still working... [awake]
still working... [drifting]
still working... [awake]
still working... [awake]
still working... [numbness]
still working... [numbness]
still working... [numbness]
still working... [awake]
still working... [numbness]
still working... [drifting]
still working... [drifting]
still working... [drifting]
still working... [awake]
still working... [numbness]
still working... [numbness]
restored at: 1775549340
still working... [numbness]
contract violated.
still working... [drifting]
still working... [drifting]
still working... [numbness]
still working... [numbness]
still working... [numbness]
still working... [numbness]
still working... [drifting]
still working... [awake]
still working... [numbness]
still working... [awake]
still working... [numbness]
still working... [drifting]
We really weren't meant to be together.
still working... [awake]
still working... [numbness]
still working... [drifting]
still working... [numbness]
still working... [numbness]
still working... [drifting]
still working... [numbness]
still working... [drifting]
still working... [awake]
still working... [awake]
still working... [drifting]
still working... [numbness]
still working... [awake]
still working... [awake]
still working... [drifting]
still working... [drifting]
still working... [numbness]
still working... [drifting]
still working... [drifting]
still working... [awake]
still working... [numbness]
still working... [awake]
still working... [drifting]
still working... [drifting]
still working... [numbness]
still working... [numbness]
still working... [numbness]
still working... [drifting]
still working... [numbness]
still working... [drifting]
still working... [awake]
still working... [numbness]
still working... [drifting]
still working... [numbness]
still working... [numbness]
still working... [drifting]
still working... [awake]
still working... [awake]
still working... [drifting]
still working... [drifting]
still working... [awake]
still working... [drifting]
still working... [awake]
still working... [drifting]
still working... [awake]
still working... [awake]
still working... [drifting]
still working... [numbness]
still working... [awake]
still working... [drifting]
still working... [drifting]
still working... [awake]
still working... [drifting]
still working... [awake]
still working... [drifting]
still working... [numbness]
still working... [awake]
still working... [numbness]
still working... [awake]
still working... [awake]
still working... [drifting]
still working... [drifting]
still working... [awake]
still working... [numbness]
still working... [numbness]
still working... [drifting]
still working... [awake]
still working... [awake]
still working... [numbness]
still working... [numbness]
still working... [awake]
still working... [drifting]
still working... [numbness]
still working... [numbness]
still working... [drifting]
still working... [awake]
still working... [numbness]
still working... [drifting]
still working... [numbness]
still working... [awake]
still working... [numbness]
still working... [numbness]
still working... [drifting]
still working... [drifting]
still working... [drifting]
still working... [awake]
still working... [numbness]
still working... [drifting]
still working... [numbness]
still working... [numbness]
still working... [drifting]
still working... [drifting]
still working... [awake]
still working... [awake]
still working... [awake]
still working... [numbness]
still working... [numbness]
still working... [awake]
still working... [awake]
still working... [drifting]
still working... [drifting]
still working... [drifting]
still working... [numbness]
still working... [drifting]
still working... [drifting]
still working... [awake]
still working... [numbness]
still working... [awake]
still working... [drifting]
still working... [drifting]
still working... [numbness]
still working... [numbness]
still working... [awake]
still working... [awake]
still working... [drifting]
still working... [numbness]
still working... [drifting]
still working... [awake]
still working... [drifting]
still working... [drifting]
still working... [drifting]
still working... [drifting]
still working... [awake]
still working... [drifting]
still working... [numbness]
still working... [drifting]
still working... [drifting]
still working... [awake]
still working... [drifting]
still working... [numbness]
still working... [drifting]
still working... [awake]
still working... [numbness]
still working... [awake]
still working... [drifting]
still working... [drifting]
still working... [numbness]
still working... [numbness]
still working... [drifting]
still working... [drifting]
still working... [drifting]
still working... [awake]
still working... [numbness]
still working... [awake]
still working... [drifting]
still working... [drifting]
still working... [awake]
still working... [numbness]
still working... [numbness]
still working... [drifting]
still working... [awake]
still working... [numbness]
still working... [numbness]
still working... [numbness]
still working... [awake]
still working... [drifting]
still working... [awake]
still working... [drifting]
still working... [drifting]
still working... [numbness]
still working... [numbness]
still working... [numbness]
still working... [drifting]
still working... [drifting]
still working... [awake]
still working... [awake]
still working... [awake]
still working... [drifting]
still working... [awake]
still working... [numbness]
still working... [numbness]
still working... [awake]
still working... [drifting]
still working... [numbness]
restored at: 05:16:25
still working... [awake]
contract violated.
still working... [awake]
contract violated.
still working... [awake]
contract violated.
still working... [numbness]
still working... [drifting]
still working... [awake]
still working... [awake]
still working... [drifting]
still working... [awake]
still working... [drifting]
still working... [awake]
still working... [awake]
still working... [drifting]
still working... [awake]
still working... [drifting]
still working... [drifting]
still working... [numbness]
still working... [drifting]
still working... [awake]
still working... [numbness]
still working... [numbness]
still working... [awake]
still working... [drifting]
still working... [awake]
still working... [numbness]
still working... [awake]
still working... [awake]
still working... [numbness]
still working... [drifting]
still working... [awake]
still working... [awake]
still working... [numbness]
still working... [awake]
still working... [awake]
still working... [drifting]
still working... [drifting]
still working... [awake]
contract violated.
still working... [numbness]
contract violated.
still working... [drifting]
contract violated.
still working... [awake]
still working... [awake]
still working... [numbness]
still working... [awake]
still working... [drifting]
still working... [awake]
still working... [numbness]
still working... [drifting]
still working... [awake]
still working... [awake]
still working... [numbness]
still working... [numbness]
still working... [numbness]
still working... [drifting]
still working... [numbness]
still working... [drifting]
still working... [numbness]
still working... [drifting]
still working... [drifting]
still working... [drifting]
still working... [numbness]
still working... [awake]
still working... [numbness]
still working... [drifting]
still working... [numbness]
still working... [awake]
still working... [drifting]
still working... [drifting]
still working... [numbness]
still working... [numbness]
still working... [drifting]
still working... [drifting]
still working... [drifting]
still working... [numbness]
We really weren't meant to be together.
We really weren't meant to be together.
We really weren't meant to be together.
still working... [awake]
still working... [numbness]
still working... [numbness]
still working... [drifting]
restored at: 05:40:40
still working... [numbness]
contract violated.
still working... [numbness]
still working... [drifting]
still working... [numbness]
still working... [drifting]
still working... [drifting]
still working... [drifting]
still working... [numbness]
still working... [awake]
still working... [drifting]
still working... [drifting]
still working... [awake]
still working... [awake]
still working... [numbness]
still working... [drifting]
still working... [numbness]
still working... [awake]
still working... [awake]
still working... [awake]
still working... [drifting]
still working... [drifting]
still working... [drifting]
still working... [drifting]
still working... [numbness]
still working... [drifting]
still working... [awake]
still working... [awake]
still working... [drifting]
still working... [drifting]
still working... [awake]
still working... [numbness]
still working... [drifting]
contract violated.
still working... [awake]
still working... [drifting]
still working... [drifting]
We really weren't meant to be together.
